# JRE version: OpenJDK Runtime Environment (8.0_152-b01) (build 1.8.0_152-release-1248-b01)
# Java VM: OpenJDK 64-Bit Server VM (25.152-b01 mixed mode windows-amd64 compressed oops)
Heap:
 PSYoungGen      total 192000K, used 39851K [0x00000000e0000000, 0x00000000ef100000, 0x0000000100000000)
  eden space 165376K, 18% used [0x00000000e0000000,0x00000000e1e3de88,0x00000000ea180000)
  from space 26624K, 33% used [0x00000000ea180000,0x00000000eaa2cd80,0x00000000ebb80000)
  to   space 25088K, 0% used [0x00000000ed880000,0x00000000ed880000,0x00000000ef100000)
 ParOldGen       total 84480K, used 57927K [0x00000000a0000000, 0x00000000a5280000, 0x00000000e0000000)
  object space 84480K, 68% used [0x00000000a0000000,0x00000000a3891f88,0x00000000a5280000)
 Metaspace       used 70752K, capacity 72736K, committed 72920K, reserved 1112064K
  class space    used 9171K, capacity 9639K, committed 9728K, reserved 1048576K
GC Heap History (10 events):
Event: 76.619 GC heap before
{Heap before GC invocations=18 (full 3):
 PSYoungGen      total 130048K, used 1953K [0x00000000e0000000, 0x00000000ead80000, 0x0000000100000000)
  eden space 110592K, 0% used [0x00000000e0000000,0x00000000e0000000,0x00000000e6c00000)
  from space 19456K, 10% used [0x00000000e6c00000,0x00000000e6de85c0,0x00000000e7f00000)
  to   space 18944K, 0% used [0x00000000e9b00000,0x00000000e9b00000,0x00000000ead80000)
 ParOldGen       total 53760K, used 37238K [0x00000000a0000000, 0x00000000a3480000, 0x00000000e0000000)
  object space 53760K, 69% used [0x00000000a0000000,0x00000000a245d998,0x00000000a3480000)
 Metaspace       used 57160K, capacity 58856K, committed 58968K, reserved 1099776K
  class space    used 7856K, capacity 8267K, committed 8320K, reserved 1048576K
Event: 77.139 GC heap after
Heap after GC invocations=18 (full 3):
 PSYoungGen      total 130048K, used 0K [0x00000000e0000000, 0x00000000ead80000, 0x0000000100000000)
  eden space 110592K, 0% used [0x00000000e0000000,0x00000000e0000000,0x00000000e6c00000)
  from space 19456K, 0% used [0x00000000e6c00000,0x00000000e6c00000,0x00000000e7f00000)
  to   space 18944K, 0% used [0x00000000e9b00000,0x00000000e9b00000,0x00000000ead80000)
 ParOldGen       total 84480K, used 30306K [0x00000000a0000000, 0x00000000a5280000, 0x00000000e0000000)
  object space 84480K, 35% used [0x00000000a0000000,0x00000000a1d98bf8,0x00000000a5280000)
 Metaspace       used 57160K, capacity 58856K, committed 58968K, reserved 1099776K
  class space    used 7856K, capacity 8267K, committed 8320K, reserved 1048576K
}
Event: 91.300 GC heap before
{Heap before GC invocations=19 (full 3):
 PSYoungGen      total 130048K, used 110592K [0x00000000e0000000, 0x00000000ead80000, 0x0000000100000000)
  eden space 110592K, 100% used [0x00000000e0000000,0x00000000e6c00000,0x00000000e6c00000)
  from space 19456K, 0% used [0x00000000e6c00000,0x00000000e6c00000,0x00000000e7f00000)
  to   space 18944K, 0% used [0x00000000e9b00000,0x00000000e9b00000,0x00000000ead80000)
 ParOldGen       total 84480K, used 30306K [0x00000000a0000000, 0x00000000a5280000, 0x00000000e0000000)
  object space 84480K, 35% used [0x00000000a0000000,0x00000000a1d98bf8,0x00000000a5280000)
 Metaspace       used 63273K, capacity 64846K, committed 65240K, reserved 1105920K
  class space    used 8444K, capacity 8852K, committed 8960K, reserved 1048576K
Event: 91.447 GC heap after
Heap after GC invocations=19 (full 3):
 PSYoungGen      total 155648K, used 18251K [0x00000000e0000000, 0x00000000eb200000, 0x0000000100000000)
  eden space 136704K, 0% used [0x00000000e0000000,0x00000000e0000000,0x00000000e8580000)
  from space 18944K, 96% used [0x00000000e9b00000,0x00000000eacd2f68,0x00000000ead80000)
  to   space 22016K, 0% used [0x00000000e8580000,0x00000000e8580000,0x00000000e9b00000)
 ParOldGen       total 84480K, used 30314K [0x00000000a0000000, 0x00000000a5280000, 0x00000000e0000000)
  object space 84480K, 35% used [0x00000000a0000000,0x00000000a1d9abf8,0x00000000a5280000)
 Metaspace       used 63273K, capacity 64846K, committed 65240K, reserved 1105920K
  class space    used 8444K, capacity 8852K, committed 8960K, reserved 1048576K
}
Event: 98.843 GC heap before
{Heap before GC invocations=20 (full 3):
 PSYoungGen      total 155648K, used 154955K [0x00000000e0000000, 0x00000000eb200000, 0x0000000100000000)
  eden space 136704K, 100% used [0x00000000e0000000,0x00000000e8580000,0x00000000e8580000)
  from space 18944K, 96% used [0x00000000e9b00000,0x00000000eacd2f68,0x00000000ead80000)
  to   space 22016K, 0% used [0x00000000e8580000,0x00000000e8580000,0x00000000e9b00000)
 ParOldGen       total 84480K, used 30314K [0x00000000a0000000, 0x00000000a5280000, 0x00000000e0000000)
  object space 84480K, 35% used [0x00000000a0000000,0x00000000a1d9abf8,0x00000000a5280000)
 Metaspace       used 65359K, capacity 66896K, committed 67160K, reserved 1107968K
  class space    used 8570K, capacity 8981K, committed 9088K, reserved 1048576K
Event: 98.983 GC heap after
Heap after GC invocations=20 (full 3):
 PSYoungGen      total 158720K, used 21986K [0x00000000e0000000, 0x00000000ed700000, 0x0000000100000000)
  eden space 136704K, 0% used [0x00000000e0000000,0x00000000e0000000,0x00000000e8580000)
  from space 22016K, 99% used [0x00000000e8580000,0x00000000e9af8b48,0x00000000e9b00000)
  to   space 28160K, 0% used [0x00000000ebb80000,0x00000000ebb80000,0x00000000ed700000)
 ParOldGen       total 84480K, used 36615K [0x00000000a0000000, 0x00000000a5280000, 0x00000000e0000000)
  object space 84480K, 43% used [0x00000000a0000000,0x00000000a23c1fd0,0x00000000a5280000)
 Metaspace       used 65359K, capacity 66896K, committed 67160K, reserved 1107968K
  class space    used 8570K, capacity 8981K, committed 9088K, reserved 1048576K
}
Event: 102.519 GC heap before
{Heap before GC invocations=21 (full 3):
 PSYoungGen      total 158720K, used 157951K [0x00000000e0000000, 0x00000000ed700000, 0x0000000100000000)
  eden space 136704K, 99% used [0x00000000e0000000,0x00000000e84c7460,0x00000000e8580000)
  from space 22016K, 99% used [0x00000000e8580000,0x00000000e9af8b48,0x00000000e9b00000)
  to   space 28160K, 0% used [0x00000000ebb80000,0x00000000ebb80000,0x00000000ed700000)
 ParOldGen       total 84480K, used 36615K [0x00000000a0000000, 0x00000000a5280000, 0x00000000e0000000)
  object space 84480K, 43% used [0x00000000a0000000,0x00000000a23c1fd0,0x00000000a5280000)
 Metaspace       used 66403K, capacity 68078K, committed 68312K, reserved 1107968K
  class space    used 8699K, capacity 9106K, committed 9216K, reserved 1048576K
Event: 102.592 GC heap after
Heap after GC invocations=21 (full 3):
 PSYoungGen      total 193024K, used 9463K [0x00000000e0000000, 0x00000000ed680000, 0x0000000100000000)
  eden space 165376K, 0% used [0x00000000e0000000,0x00000000e0000000,0x00000000ea180000)
  from space 27648K, 34% used [0x00000000ebb80000,0x00000000ec4bdfd0,0x00000000ed680000)
  to   space 26624K, 0% used [0x00000000ea180000,0x00000000ea180000,0x00000000ebb80000)
 ParOldGen       total 84480K, used 51444K [0x00000000a0000000, 0x00000000a5280000, 0x00000000e0000000)
  object space 84480K, 60% used [0x00000000a0000000,0x00000000a323d2b8,0x00000000a5280000)
 Metaspace       used 66403K, capacity 68078K, committed 68312K, reserved 1107968K
  class space    used 8699K, capacity 9106K, committed 9216K, reserved 1048576K
}
Event: 840.777 GC heap before
{Heap before GC invocations=22 (full 3):
 PSYoungGen      total 193024K, used 174839K [0x00000000e0000000, 0x00000000ed680000, 0x0000000100000000)
  eden space 165376K, 100% used [0x00000000e0000000,0x00000000ea180000,0x00000000ea180000)
  from space 27648K, 34% used [0x00000000ebb80000,0x00000000ec4bdfd0,0x00000000ed680000)
  to   space 26624K, 0% used [0x00000000ea180000,0x00000000ea180000,0x00000000ebb80000)
 ParOldGen       total 84480K, used 51444K [0x00000000a0000000, 0x00000000a5280000, 0x00000000e0000000)
  object space 84480K, 60% used [0x00000000a0000000,0x00000000a323d2b8,0x00000000a5280000)
 Metaspace       used 70334K, capacity 72218K, committed 72280K, reserved 1112064K
  class space    used 9127K, capacity 9574K, committed 9600K, reserved 1048576K
Event: 840.845 GC heap after
Heap after GC invocations=22 (full 3):
 PSYoungGen      total 192000K, used 8883K [0x00000000e0000000, 0x00000000ef100000, 0x0000000100000000)
  eden space 165376K, 0% used [0x00000000e0000000,0x00000000e0000000,0x00000000ea180000)
  from space 26624K, 33% used [0x00000000ea180000,0x00000000eaa2cd80,0x00000000ebb80000)
  to   space 25088K, 0% used [0x00000000ed880000,0x00000000ed880000,0x00000000ef100000)
 ParOldGen       total 84480K, used 57927K [0x00000000a0000000, 0x00000000a5280000, 0x00000000e0000000)
  object space 84480K, 68% used [0x00000000a0000000,0x00000000a3891f88,0x00000000a5280000)
 Metaspace       used 70334K, capacity 72218K, committed 72280K, reserved 1112064K
  class space    used 9127K, capacity 9574K, committed 9600K, reserved 1048576K
}

